2023-06-23 11:07:20,698 - TableCreator.py - main - INFO - Starting database creation
2023-06-23 11:07:21,141 - TableCreator.py - main - INFO - Read parquet file: data/bronze/parquet-data/2022_LoL_esports_match_data_from_OraclesElixir.parquet
2023-06-23 11:07:21,142 - TableCreator.py - create_table - INFO - Creating table: dim_games
2023-06-23 11:07:21,248 - TableCreator.py - create_table - INFO - Table created: dim_games
2023-06-23 11:07:21,248 - TableCreator.py - create_table - INFO - Creating table: fact_game_date
2023-06-23 11:07:21,290 - TableCreator.py - create_table - INFO - Table created: fact_game_date
2023-06-23 11:07:21,291 - TableCreator.py - create_table - INFO - Creating table: dim_teams
2023-06-23 11:07:21,328 - TableCreator.py - create_table - INFO - Table created: dim_teams
2023-06-23 11:07:21,328 - TableCreator.py - create_table - INFO - Creating table: dim_players
2023-06-23 11:07:21,362 - TableCreator.py - create_table - INFO - Table created: dim_players
2023-06-23 11:07:21,362 - TableCreator.py - create_table - INFO - Creating table: dim_participants
2023-06-23 11:07:21,555 - TableCreator.py - create_table - INFO - Table created: dim_participants
2023-06-23 11:07:21,556 - TableCreator.py - create_table - INFO - Creating table: fact_side
2023-06-23 11:07:21,581 - TableCreator.py - create_table - INFO - Table created: fact_side
2023-06-23 11:07:21,581 - TableCreator.py - create_table - INFO - Creating table: dim_bans
2023-06-23 11:07:21,702 - TableCreator.py - create_table - INFO - Table created: dim_bans
2023-06-23 11:07:21,703 - TableCreator.py - create_table - INFO - Creating table: fact_amount
2023-06-23 11:07:21,734 - TableCreator.py - create_table - INFO - Table created: fact_amount
2023-06-23 11:07:21,734 - TableCreator.py - create_table - INFO - Creating table: fact_gamestats
2023-06-23 11:07:21,888 - TableCreator.py - create_table - INFO - Table created: fact_gamestats
2023-06-23 11:07:21,890 - TableCreator.py - create_table - INFO - Creating table: fact_teamstats
2023-06-23 11:07:22,309 - TableCreator.py - create_table - INFO - Table created: fact_teamstats
2023-06-23 11:07:22,311 - TableCreator.py - create_table - INFO - Creating table: fact_playerstats
2023-06-23 11:07:22,795 - TableCreator.py - create_table - INFO - Table created: fact_playerstats
2023-06-23 11:07:22,797 - TableCreator.py - create_table - INFO - Creating table: fact_goldandxpstats
2023-06-23 11:07:23,344 - TableCreator.py - create_table - INFO - Table created: fact_goldandxpstats
2023-06-23 11:07:23,348 - TableCreator.py - create_table - INFO - Creating table: dim_dragons
2023-06-23 11:07:23,470 - TableCreator.py - create_table - INFO - Table created: dim_dragons
2023-06-23 11:07:23,470 - TableCreator.py - create_table - INFO - Creating table: dim_barons
2023-06-23 11:07:23,549 - TableCreator.py - create_table - INFO - Table created: dim_barons
2023-06-23 11:07:23,550 - TableCreator.py - create_table - INFO - Creating table: dim_heralds
2023-06-23 11:07:23,616 - TableCreator.py - create_table - INFO - Table created: dim_heralds
2023-06-23 11:07:23,951 - TableCreator.py - main - INFO - Read parquet file: data/bronze/parquet-data/2021_LoL_esports_match_data_from_OraclesElixir.parquet
2023-06-23 11:07:23,971 - TableCreator.py - create_table - INFO - Creating table: dim_games
2023-06-23 11:07:24,044 - TableCreator.py - create_table - INFO - Table created: dim_games
2023-06-23 11:07:24,045 - TableCreator.py - create_table - INFO - Creating table: fact_game_date
2023-06-23 11:07:24,087 - TableCreator.py - create_table - INFO - Table created: fact_game_date
2023-06-23 11:07:24,087 - TableCreator.py - create_table - INFO - Creating table: dim_teams
2023-06-23 11:07:24,116 - TableCreator.py - create_table - INFO - Table created: dim_teams
2023-06-23 11:07:24,117 - TableCreator.py - create_table - INFO - Creating table: dim_players
2023-06-23 11:07:24,152 - TableCreator.py - create_table - INFO - Table created: dim_players
2023-06-23 11:07:24,152 - TableCreator.py - create_table - INFO - Creating table: dim_participants
2023-06-23 11:07:24,352 - TableCreator.py - create_table - INFO - Table created: dim_participants
2023-06-23 11:07:24,354 - TableCreator.py - create_table - INFO - Creating table: fact_side
2023-06-23 11:07:24,380 - TableCreator.py - create_table - INFO - Table created: fact_side
2023-06-23 11:07:24,380 - TableCreator.py - create_table - INFO - Creating table: dim_bans
2023-06-23 11:07:24,491 - TableCreator.py - create_table - INFO - Table created: dim_bans
2023-06-23 11:07:24,492 - TableCreator.py - create_table - INFO - Creating table: fact_amount
2023-06-23 11:07:24,525 - TableCreator.py - create_table - INFO - Table created: fact_amount
2023-06-23 11:07:24,525 - TableCreator.py - create_table - INFO - Creating table: fact_gamestats
2023-06-23 11:07:24,671 - TableCreator.py - create_table - INFO - Table created: fact_gamestats
2023-06-23 11:07:24,672 - TableCreator.py - create_table - INFO - Creating table: fact_teamstats
2023-06-23 11:07:25,053 - TableCreator.py - create_table - INFO - Table created: fact_teamstats
2023-06-23 11:07:25,057 - TableCreator.py - create_table - INFO - Creating table: fact_playerstats
2023-06-23 11:07:25,458 - TableCreator.py - create_table - INFO - Table created: fact_playerstats
2023-06-23 11:07:25,460 - TableCreator.py - create_table - INFO - Creating table: fact_goldandxpstats
2023-06-23 11:07:25,891 - TableCreator.py - create_table - INFO - Table created: fact_goldandxpstats
2023-06-23 11:07:25,893 - TableCreator.py - create_table - INFO - Creating table: dim_dragons
2023-06-23 11:07:26,000 - TableCreator.py - create_table - INFO - Table created: dim_dragons
2023-06-23 11:07:26,001 - TableCreator.py - create_table - INFO - Creating table: dim_barons
2023-06-23 11:07:26,072 - TableCreator.py - create_table - INFO - Table created: dim_barons
2023-06-23 11:07:26,073 - TableCreator.py - create_table - INFO - Creating table: dim_heralds
2023-06-23 11:07:26,140 - TableCreator.py - create_table - INFO - Table created: dim_heralds
2023-06-23 11:07:26,336 - TableCreator.py - main - INFO - Read parquet file: data/bronze/parquet-data/2020_LoL_esports_match_data_from_OraclesElixir.parquet
2023-06-23 11:07:26,352 - TableCreator.py - create_table - INFO - Creating table: dim_games
2023-06-23 11:07:26,401 - TableCreator.py - create_table - INFO - Table created: dim_games
2023-06-23 11:07:26,401 - TableCreator.py - create_table - INFO - Creating table: fact_game_date
2023-06-23 11:07:26,436 - TableCreator.py - create_table - INFO - Table created: fact_game_date
2023-06-23 11:07:26,436 - TableCreator.py - create_table - INFO - Creating table: dim_teams
2023-06-23 11:07:26,458 - TableCreator.py - create_table - INFO - Table created: dim_teams
2023-06-23 11:07:26,458 - TableCreator.py - create_table - INFO - Creating table: dim_players
2023-06-23 11:07:26,485 - TableCreator.py - create_table - INFO - Table created: dim_players
2023-06-23 11:07:26,485 - TableCreator.py - create_table - INFO - Creating table: dim_participants
2023-06-23 11:07:26,631 - TableCreator.py - create_table - INFO - Table created: dim_participants
2023-06-23 11:07:26,632 - TableCreator.py - create_table - INFO - Creating table: fact_side
2023-06-23 11:07:26,654 - TableCreator.py - create_table - INFO - Table created: fact_side
2023-06-23 11:07:26,654 - TableCreator.py - create_table - INFO - Creating table: dim_bans
2023-06-23 11:07:26,744 - TableCreator.py - create_table - INFO - Table created: dim_bans
2023-06-23 11:07:26,746 - TableCreator.py - create_table - INFO - Creating table: fact_amount
2023-06-23 11:07:26,769 - TableCreator.py - create_table - INFO - Table created: fact_amount
2023-06-23 11:07:26,770 - TableCreator.py - create_table - INFO - Creating table: fact_gamestats
2023-06-23 11:07:26,885 - TableCreator.py - create_table - INFO - Table created: fact_gamestats
2023-06-23 11:07:26,886 - TableCreator.py - create_table - INFO - Creating table: fact_teamstats
2023-06-23 11:07:27,152 - TableCreator.py - create_table - INFO - Table created: fact_teamstats
2023-06-23 11:07:27,154 - TableCreator.py - create_table - INFO - Creating table: fact_playerstats
2023-06-23 11:07:27,449 - TableCreator.py - create_table - INFO - Table created: fact_playerstats
2023-06-23 11:07:27,450 - TableCreator.py - create_table - INFO - Creating table: fact_goldandxpstats
2023-06-23 11:07:27,780 - TableCreator.py - create_table - INFO - Table created: fact_goldandxpstats
2023-06-23 11:07:27,783 - TableCreator.py - create_table - INFO - Creating table: dim_dragons
2023-06-23 11:07:27,869 - TableCreator.py - create_table - INFO - Table created: dim_dragons
2023-06-23 11:07:27,870 - TableCreator.py - create_table - INFO - Creating table: dim_barons
2023-06-23 11:07:27,928 - TableCreator.py - create_table - INFO - Table created: dim_barons
2023-06-23 11:07:27,928 - TableCreator.py - create_table - INFO - Creating table: dim_heralds
2023-06-23 11:07:27,983 - TableCreator.py - create_table - INFO - Table created: dim_heralds
2023-06-23 11:07:28,161 - TableCreator.py - main - INFO - Read parquet file: data/bronze/parquet-data/2019_LoL_esports_match_data_from_OraclesElixir.parquet
2023-06-23 11:07:28,172 - TableCreator.py - create_table - INFO - Creating table: dim_games
2023-06-23 11:07:28,212 - TableCreator.py - create_table - INFO - Table created: dim_games
2023-06-23 11:07:28,214 - TableCreator.py - create_table - INFO - Creating table: fact_game_date
2023-06-23 11:07:28,239 - TableCreator.py - create_table - INFO - Table created: fact_game_date
2023-06-23 11:07:28,241 - TableCreator.py - create_table - INFO - Creating table: dim_teams
2023-06-23 11:07:28,262 - TableCreator.py - create_table - INFO - Table created: dim_teams
2023-06-23 11:07:28,262 - TableCreator.py - create_table - INFO - Creating table: dim_players
2023-06-23 11:07:28,285 - TableCreator.py - create_table - INFO - Table created: dim_players
2023-06-23 11:07:28,285 - TableCreator.py - create_table - INFO - Creating table: dim_participants
2023-06-23 11:07:28,406 - TableCreator.py - create_table - INFO - Table created: dim_participants
2023-06-23 11:07:28,408 - TableCreator.py - create_table - INFO - Creating table: fact_side
2023-06-23 11:07:28,426 - TableCreator.py - create_table - INFO - Table created: fact_side
2023-06-23 11:07:28,426 - TableCreator.py - create_table - INFO - Creating table: dim_bans
2023-06-23 11:07:28,499 - TableCreator.py - create_table - INFO - Table created: dim_bans
2023-06-23 11:07:28,499 - TableCreator.py - create_table - INFO - Creating table: fact_amount
2023-06-23 11:07:28,517 - TableCreator.py - create_table - INFO - Table created: fact_amount
2023-06-23 11:07:28,517 - TableCreator.py - create_table - INFO - Creating table: fact_gamestats
2023-06-23 11:07:28,607 - TableCreator.py - create_table - INFO - Table created: fact_gamestats
2023-06-23 11:07:28,608 - TableCreator.py - create_table - INFO - Creating table: fact_teamstats
2023-06-23 11:07:28,813 - TableCreator.py - create_table - INFO - Table created: fact_teamstats
2023-06-23 11:07:28,814 - TableCreator.py - create_table - INFO - Creating table: fact_playerstats
2023-06-23 11:07:29,047 - TableCreator.py - create_table - INFO - Table created: fact_playerstats
2023-06-23 11:07:29,049 - TableCreator.py - create_table - INFO - Creating table: fact_goldandxpstats
2023-06-23 11:07:29,304 - TableCreator.py - create_table - INFO - Table created: fact_goldandxpstats
2023-06-23 11:07:29,306 - TableCreator.py - create_table - INFO - Creating table: dim_dragons
2023-06-23 11:07:29,381 - TableCreator.py - create_table - INFO - Table created: dim_dragons
2023-06-23 11:07:29,381 - TableCreator.py - create_table - INFO - Creating table: dim_barons
2023-06-23 11:07:29,426 - TableCreator.py - create_table - INFO - Table created: dim_barons
2023-06-23 11:07:29,427 - TableCreator.py - create_table - INFO - Creating table: dim_heralds
2023-06-23 11:07:29,472 - TableCreator.py - create_table - INFO - Table created: dim_heralds
2023-06-23 11:07:29,607 - TableCreator.py - main - INFO - Read parquet file: data/bronze/parquet-data/2018_LoL_esports_match_data_from_OraclesElixir.parquet
2023-06-23 11:07:29,616 - TableCreator.py - create_table - INFO - Creating table: dim_games
2023-06-23 11:07:29,650 - TableCreator.py - create_table - INFO - Table created: dim_games
2023-06-23 11:07:29,651 - TableCreator.py - create_table - INFO - Creating table: fact_game_date
2023-06-23 11:07:29,674 - TableCreator.py - create_table - INFO - Table created: fact_game_date
2023-06-23 11:07:29,675 - TableCreator.py - create_table - INFO - Creating table: dim_teams
2023-06-23 11:07:29,691 - TableCreator.py - create_table - INFO - Table created: dim_teams
2023-06-23 11:07:29,692 - TableCreator.py - create_table - INFO - Creating table: dim_players
2023-06-23 11:07:29,710 - TableCreator.py - create_table - INFO - Table created: dim_players
2023-06-23 11:07:29,710 - TableCreator.py - create_table - INFO - Creating table: dim_participants
2023-06-23 11:07:29,818 - TableCreator.py - create_table - INFO - Table created: dim_participants
2023-06-23 11:07:29,819 - TableCreator.py - create_table - INFO - Creating table: fact_side
2023-06-23 11:07:29,837 - TableCreator.py - create_table - INFO - Table created: fact_side
2023-06-23 11:07:29,837 - TableCreator.py - create_table - INFO - Creating table: dim_bans
2023-06-23 11:07:29,901 - TableCreator.py - create_table - INFO - Table created: dim_bans
2023-06-23 11:07:29,901 - TableCreator.py - create_table - INFO - Creating table: fact_amount
2023-06-23 11:07:29,917 - TableCreator.py - create_table - INFO - Table created: fact_amount
2023-06-23 11:07:29,918 - TableCreator.py - create_table - INFO - Creating table: fact_gamestats
2023-06-23 11:07:29,995 - TableCreator.py - create_table - INFO - Table created: fact_gamestats
2023-06-23 11:07:29,996 - TableCreator.py - create_table - INFO - Creating table: fact_teamstats
2023-06-23 11:07:30,168 - TableCreator.py - create_table - INFO - Table created: fact_teamstats
2023-06-23 11:07:30,169 - TableCreator.py - create_table - INFO - Creating table: fact_playerstats
2023-06-23 11:07:30,353 - TableCreator.py - create_table - INFO - Table created: fact_playerstats
2023-06-23 11:07:30,354 - TableCreator.py - create_table - INFO - Creating table: fact_goldandxpstats
2023-06-23 11:07:30,548 - TableCreator.py - create_table - INFO - Table created: fact_goldandxpstats
2023-06-23 11:07:30,549 - TableCreator.py - create_table - INFO - Creating table: dim_dragons
2023-06-23 11:07:30,615 - TableCreator.py - create_table - INFO - Table created: dim_dragons
2023-06-23 11:07:30,617 - TableCreator.py - create_table - INFO - Creating table: dim_barons
2023-06-23 11:07:30,669 - TableCreator.py - create_table - INFO - Table created: dim_barons
2023-06-23 11:07:30,669 - TableCreator.py - create_table - INFO - Creating table: dim_heralds
2023-06-23 11:07:30,708 - TableCreator.py - create_table - INFO - Table created: dim_heralds
2023-06-23 11:07:30,829 - TableCreator.py - main - INFO - Read parquet file: data/bronze/parquet-data/2017_LoL_esports_match_data_from_OraclesElixir.parquet
2023-06-23 11:07:30,836 - TableCreator.py - create_table - INFO - Creating table: dim_games
2023-06-23 11:07:30,878 - TableCreator.py - create_table - INFO - Table created: dim_games
2023-06-23 11:07:30,879 - TableCreator.py - create_table - INFO - Creating table: fact_game_date
2023-06-23 11:07:30,900 - TableCreator.py - create_table - INFO - Table created: fact_game_date
2023-06-23 11:07:30,900 - TableCreator.py - create_table - INFO - Creating table: dim_teams
2023-06-23 11:07:30,915 - TableCreator.py - create_table - INFO - Table created: dim_teams
2023-06-23 11:07:30,915 - TableCreator.py - create_table - INFO - Creating table: dim_players
2023-06-23 11:07:30,932 - TableCreator.py - create_table - INFO - Table created: dim_players
2023-06-23 11:07:30,932 - TableCreator.py - create_table - INFO - Creating table: dim_participants
2023-06-23 11:07:31,022 - TableCreator.py - create_table - INFO - Table created: dim_participants
2023-06-23 11:07:31,024 - TableCreator.py - create_table - INFO - Creating table: fact_side
2023-06-23 11:07:31,037 - TableCreator.py - create_table - INFO - Table created: fact_side
2023-06-23 11:07:31,037 - TableCreator.py - create_table - INFO - Creating table: dim_bans
2023-06-23 11:07:31,090 - TableCreator.py - create_table - INFO - Table created: dim_bans
2023-06-23 11:07:31,092 - TableCreator.py - create_table - INFO - Creating table: fact_amount
2023-06-23 11:07:31,107 - TableCreator.py - create_table - INFO - Table created: fact_amount
2023-06-23 11:07:31,107 - TableCreator.py - create_table - INFO - Creating table: fact_gamestats
2023-06-23 11:07:31,171 - TableCreator.py - create_table - INFO - Table created: fact_gamestats
2023-06-23 11:07:31,172 - TableCreator.py - create_table - INFO - Creating table: fact_teamstats
2023-06-23 11:07:31,327 - TableCreator.py - create_table - INFO - Table created: fact_teamstats
2023-06-23 11:07:31,329 - TableCreator.py - create_table - INFO - Creating table: fact_playerstats
2023-06-23 11:07:31,493 - TableCreator.py - create_table - INFO - Table created: fact_playerstats
2023-06-23 11:07:31,494 - TableCreator.py - create_table - INFO - Creating table: fact_goldandxpstats
2023-06-23 11:07:31,681 - TableCreator.py - create_table - INFO - Table created: fact_goldandxpstats
2023-06-23 11:07:31,682 - TableCreator.py - create_table - INFO - Creating table: dim_dragons
2023-06-23 11:07:31,737 - TableCreator.py - create_table - INFO - Table created: dim_dragons
2023-06-23 11:07:31,737 - TableCreator.py - create_table - INFO - Creating table: dim_barons
2023-06-23 11:07:31,770 - TableCreator.py - create_table - INFO - Table created: dim_barons
2023-06-23 11:07:31,771 - TableCreator.py - create_table - INFO - Creating table: dim_heralds
2023-06-23 11:07:31,806 - TableCreator.py - create_table - INFO - Table created: dim_heralds
2023-06-23 11:07:31,895 - TableCreator.py - main - INFO - Read parquet file: data/bronze/parquet-data/2016_LoL_esports_match_data_from_OraclesElixir.parquet
2023-06-23 11:07:31,902 - TableCreator.py - create_table - INFO - Creating table: dim_games
2023-06-23 11:07:31,931 - TableCreator.py - create_table - INFO - Table created: dim_games
2023-06-23 11:07:31,931 - TableCreator.py - create_table - INFO - Creating table: fact_game_date
2023-06-23 11:07:31,949 - TableCreator.py - create_table - INFO - Table created: fact_game_date
2023-06-23 11:07:31,949 - TableCreator.py - create_table - INFO - Creating table: dim_teams
2023-06-23 11:07:31,963 - TableCreator.py - create_table - INFO - Table created: dim_teams
2023-06-23 11:07:31,963 - TableCreator.py - create_table - INFO - Creating table: dim_players
2023-06-23 11:07:31,979 - TableCreator.py - create_table - INFO - Table created: dim_players
2023-06-23 11:07:31,979 - TableCreator.py - create_table - INFO - Creating table: dim_participants
2023-06-23 11:07:32,047 - TableCreator.py - create_table - INFO - Table created: dim_participants
2023-06-23 11:07:32,048 - TableCreator.py - create_table - INFO - Creating table: fact_side
2023-06-23 11:07:32,059 - TableCreator.py - create_table - INFO - Table created: fact_side
2023-06-23 11:07:32,059 - TableCreator.py - create_table - INFO - Creating table: dim_bans
2023-06-23 11:07:32,096 - TableCreator.py - create_table - INFO - Table created: dim_bans
2023-06-23 11:07:32,096 - TableCreator.py - create_table - INFO - Creating table: fact_amount
2023-06-23 11:07:32,111 - TableCreator.py - create_table - INFO - Table created: fact_amount
2023-06-23 11:07:32,111 - TableCreator.py - create_table - INFO - Creating table: fact_gamestats
2023-06-23 11:07:32,165 - TableCreator.py - create_table - INFO - Table created: fact_gamestats
2023-06-23 11:07:32,167 - TableCreator.py - create_table - INFO - Creating table: fact_teamstats
2023-06-23 11:07:32,331 - TableCreator.py - create_table - INFO - Table created: fact_teamstats
2023-06-23 11:07:32,332 - TableCreator.py - create_table - INFO - Creating table: fact_playerstats
2023-06-23 11:07:32,460 - TableCreator.py - create_table - INFO - Table created: fact_playerstats
2023-06-23 11:07:32,461 - TableCreator.py - create_table - INFO - Creating table: fact_goldandxpstats
2023-06-23 11:07:32,650 - TableCreator.py - create_table - INFO - Table created: fact_goldandxpstats
2023-06-23 11:07:32,651 - TableCreator.py - create_table - INFO - Creating table: dim_dragons
2023-06-23 11:07:32,701 - TableCreator.py - create_table - INFO - Table created: dim_dragons
2023-06-23 11:07:32,701 - TableCreator.py - create_table - INFO - Creating table: dim_barons
2023-06-23 11:07:32,731 - TableCreator.py - create_table - INFO - Table created: dim_barons
2023-06-23 11:07:32,731 - TableCreator.py - create_table - INFO - Creating table: dim_heralds
2023-06-23 11:07:32,761 - TableCreator.py - create_table - INFO - Table created: dim_heralds
2023-06-23 11:07:32,816 - TableCreator.py - main - INFO - Read parquet file: data/bronze/parquet-data/2015_LoL_esports_match_data_from_OraclesElixir.parquet
2023-06-23 11:07:32,821 - TableCreator.py - create_table - INFO - Creating table: dim_games
2023-06-23 11:07:32,838 - TableCreator.py - create_table - INFO - Table created: dim_games
2023-06-23 11:07:32,838 - TableCreator.py - create_table - INFO - Creating table: fact_game_date
2023-06-23 11:07:32,847 - TableCreator.py - create_table - INFO - Table created: fact_game_date
2023-06-23 11:07:32,847 - TableCreator.py - create_table - INFO - Creating table: dim_teams
2023-06-23 11:07:32,854 - TableCreator.py - create_table - INFO - Table created: dim_teams
2023-06-23 11:07:32,854 - TableCreator.py - create_table - INFO - Creating table: dim_players
2023-06-23 11:07:32,864 - TableCreator.py - create_table - INFO - Table created: dim_players
2023-06-23 11:07:32,864 - TableCreator.py - create_table - INFO - Creating table: dim_participants
2023-06-23 11:07:32,897 - TableCreator.py - create_table - INFO - Table created: dim_participants
2023-06-23 11:07:32,898 - TableCreator.py - create_table - INFO - Creating table: fact_side
2023-06-23 11:07:32,907 - TableCreator.py - create_table - INFO - Table created: fact_side
2023-06-23 11:07:32,907 - TableCreator.py - create_table - INFO - Creating table: dim_bans
2023-06-23 11:07:32,929 - TableCreator.py - create_table - INFO - Table created: dim_bans
2023-06-23 11:07:32,930 - TableCreator.py - create_table - INFO - Creating table: fact_amount
2023-06-23 11:07:32,939 - TableCreator.py - create_table - INFO - Table created: fact_amount
2023-06-23 11:07:32,939 - TableCreator.py - create_table - INFO - Creating table: fact_gamestats
2023-06-23 11:07:32,969 - TableCreator.py - create_table - INFO - Table created: fact_gamestats
2023-06-23 11:07:32,969 - TableCreator.py - create_table - INFO - Creating table: fact_teamstats
2023-06-23 11:07:33,029 - TableCreator.py - create_table - INFO - Table created: fact_teamstats
2023-06-23 11:07:33,029 - TableCreator.py - create_table - INFO - Creating table: fact_playerstats
2023-06-23 11:07:33,079 - TableCreator.py - create_table - INFO - Table created: fact_playerstats
2023-06-23 11:07:33,079 - TableCreator.py - create_table - INFO - Creating table: fact_goldandxpstats
2023-06-23 11:07:33,135 - TableCreator.py - create_table - INFO - Table created: fact_goldandxpstats
2023-06-23 11:07:33,136 - TableCreator.py - create_table - INFO - Creating table: dim_dragons
2023-06-23 11:07:33,163 - TableCreator.py - create_table - INFO - Table created: dim_dragons
2023-06-23 11:07:33,163 - TableCreator.py - create_table - INFO - Creating table: dim_barons
2023-06-23 11:07:33,181 - TableCreator.py - create_table - INFO - Table created: dim_barons
2023-06-23 11:07:33,181 - TableCreator.py - create_table - INFO - Creating table: dim_heralds
2023-06-23 11:07:33,196 - TableCreator.py - create_table - INFO - Table created: dim_heralds
2023-06-23 11:07:33,228 - TableCreator.py - main - INFO - Read parquet file: data/bronze/parquet-data/2014_LoL_esports_match_data_from_OraclesElixir.parquet
2023-06-23 11:07:33,229 - TableCreator.py - create_table - INFO - Creating table: dim_games
2023-06-23 11:07:33,241 - TableCreator.py - create_table - INFO - Table created: dim_games
2023-06-23 11:07:33,241 - TableCreator.py - create_table - INFO - Creating table: fact_game_date
2023-06-23 11:07:33,248 - TableCreator.py - create_table - INFO - Table created: fact_game_date
2023-06-23 11:07:33,249 - TableCreator.py - create_table - INFO - Creating table: dim_teams
2023-06-23 11:07:33,254 - TableCreator.py - create_table - INFO - Table created: dim_teams
2023-06-23 11:07:33,254 - TableCreator.py - create_table - INFO - Creating table: dim_players
2023-06-23 11:07:33,260 - TableCreator.py - create_table - INFO - Table created: dim_players
2023-06-23 11:07:33,260 - TableCreator.py - create_table - INFO - Creating table: dim_participants
2023-06-23 11:07:33,281 - TableCreator.py - create_table - INFO - Table created: dim_participants
2023-06-23 11:07:33,282 - TableCreator.py - create_table - INFO - Creating table: fact_side
2023-06-23 11:07:33,287 - TableCreator.py - create_table - INFO - Table created: fact_side
2023-06-23 11:07:33,288 - TableCreator.py - create_table - INFO - Creating table: dim_bans
2023-06-23 11:07:33,301 - TableCreator.py - create_table - INFO - Table created: dim_bans
2023-06-23 11:07:33,301 - TableCreator.py - create_table - INFO - Creating table: fact_amount
2023-06-23 11:07:33,308 - TableCreator.py - create_table - INFO - Table created: fact_amount
2023-06-23 11:07:33,308 - TableCreator.py - create_table - INFO - Creating table: fact_gamestats
2023-06-23 11:07:33,324 - TableCreator.py - create_table - INFO - Table created: fact_gamestats
2023-06-23 11:07:33,325 - TableCreator.py - create_table - INFO - Creating table: fact_teamstats
2023-06-23 11:07:33,359 - TableCreator.py - create_table - INFO - Table created: fact_teamstats
2023-06-23 11:07:33,360 - TableCreator.py - create_table - INFO - Creating table: fact_playerstats
2023-06-23 11:07:33,390 - TableCreator.py - create_table - INFO - Table created: fact_playerstats
2023-06-23 11:07:33,390 - TableCreator.py - create_table - INFO - Creating table: fact_goldandxpstats
2023-06-23 11:07:33,421 - TableCreator.py - create_table - INFO - Table created: fact_goldandxpstats
2023-06-23 11:07:33,421 - TableCreator.py - create_table - INFO - Creating table: dim_dragons
2023-06-23 11:07:33,439 - TableCreator.py - create_table - INFO - Table created: dim_dragons
2023-06-23 11:07:33,439 - TableCreator.py - create_table - INFO - Creating table: dim_barons
2023-06-23 11:07:33,450 - TableCreator.py - create_table - INFO - Table created: dim_barons
2023-06-23 11:07:33,450 - TableCreator.py - create_table - INFO - Creating table: dim_heralds
2023-06-23 11:07:33,460 - TableCreator.py - create_table - INFO - Table created: dim_heralds
2023-06-23 11:07:33,460 - TableCreator.py - main - INFO - Database creation completed
